[2026-02-17 09:41:12] [INFO    ] ╔════════════════════════════════════════════════════════════╗
[2026-02-17 09:41:12] [INFO    ] ║   SAMURAI — Полная диагностика оборудования робота        ║
[2026-02-17 09:41:12] [INFO    ] ║   Пропуск: Лазер (GPIO17), IMU MPU6050 (I2C 0x68)        ║
[2026-02-17 09:41:12] [INFO    ] ╚════════════════════════════════════════════════════════════╝
[2026-02-17 09:41:12] [INFO    ]   Лог: C:\Users\Роман\Desktop\Diagnostic\diagnostics_output\diagnostic_20260217_094112.log
[2026-02-17 09:41:12] [INFO    ] 
[2026-02-17 09:41:12] [INFO    ] 
[2026-02-17 09:41:12] [INFO    ] ============================================================
[2026-02-17 09:41:12] [INFO    ]   ПРОВЕРКА I2C ИНТЕРФЕЙСА
[2026-02-17 09:41:12] [INFO    ] ============================================================
[2026-02-17 09:41:12] [WARNING ]   /dev/i2c-1 НЕ НАЙДЕН — попытка включения I2C...
[2026-02-17 09:41:12] [WARNING ]   modprobe i2c-dev — не удалось: [WinError 2] Не удается найти указанный файл
[2026-02-17 09:41:12] [WARNING ]   raspi-config не найден (не Raspberry Pi?)
[2026-02-17 09:41:12] [ERROR   ] I2C НЕДОСТУПЕН! I2C-зависимые тесты могут завершиться с ошибками.
[2026-02-17 09:41:12] [ERROR   ] Рекомендация: sudo reboot и повторный запуск диагностики.
[2026-02-17 09:41:12] [INFO    ] 
[2026-02-17 09:41:12] [INFO    ] ============================================================
[2026-02-17 09:41:12] [INFO    ]   СИСТЕМНАЯ ИНФОРМАЦИЯ
[2026-02-17 09:41:12] [INFO    ] ============================================================
[2026-02-17 09:41:12] [WARNING ] /proc/cpuinfo не найден (не Raspberry Pi?)
[2026-02-17 09:41:12] [INFO    ]   hostname: KOMPUTER
[2026-02-17 09:41:12] [INFO    ]   platform: Windows-10-10.0.19045-SP0
[2026-02-17 09:41:12] [INFO    ]   machine: AMD64
[2026-02-17 09:41:12] [INFO    ]   processor: Intel64 Family 6 Model 186 Stepping 2, GenuineIntel
[2026-02-17 09:41:12] [INFO    ]   python: 3.13.5
[2026-02-17 09:41:12] [INFO    ]   time: 2026-02-17T09:41:12.362259
[2026-02-17 09:41:12] [INFO    ] 
[2026-02-17 09:41:12] [INFO    ] ============================================================
[2026-02-17 09:41:12] [INFO    ]   УСТАНОВЛЕННЫЕ PYTHON-ПАКЕТЫ (ключевые)
[2026-02-17 09:41:12] [INFO    ] ============================================================
[2026-02-17 09:41:12] [WARNING ]   adafruit_pca9685          — НЕ УСТАНОВЛЕН
[2026-02-17 09:41:12] [WARNING ]   adafruit_motor            — НЕ УСТАНОВЛЕН
[2026-02-17 09:41:12] [WARNING ]   board                     — НЕ УСТАНОВЛЕН
[2026-02-17 09:41:12] [WARNING ]   busio                     — НЕ УСТАНОВЛЕН
[2026-02-17 09:41:12] [INFO    ]   gpiozero                  — vN/A
[2026-02-17 09:41:12] [WARNING ]   picamera2                 — НЕ УСТАНОВЛЕН
[2026-02-17 09:41:12] [INFO    ]   cv2                       — v4.13.0
[2026-02-17 09:41:12] [INFO    ]   numpy                     — v2.3.1
[2026-02-17 09:41:12] [WARNING ]   pyaudio                   — НЕ УСТАНОВЛЕН
[2026-02-17 09:41:12] [WARNING ]   vosk                      — НЕ УСТАНОВЛЕН
[2026-02-17 09:41:12] [WARNING ]   smbus2                    — НЕ УСТАНОВЛЕН
[2026-02-17 09:41:12] [WARNING ]   rpi_ws281x                — НЕ УСТАНОВЛЕН
[2026-02-17 09:41:12] [WARNING ]   rclpy                     — НЕ УСТАНОВЛЕН
[2026-02-17 09:41:12] [WARNING ]   sensor_msgs               — НЕ УСТАНОВЛЕН
[2026-02-17 09:41:12] [WARNING ]   geometry_msgs             — НЕ УСТАНОВЛЕН
[2026-02-17 09:41:12] [WARNING ]   std_msgs                  — НЕ УСТАНОВЛЕН
[2026-02-17 09:41:12] [WARNING ]   cv_bridge                 — НЕ УСТАНОВЛЕН
[2026-02-17 09:41:12] [INFO    ] 
[2026-02-17 09:41:12] [INFO    ] ============================================================
[2026-02-17 09:41:12] [INFO    ]   GPIO ИНФОРМАЦИЯ
[2026-02-17 09:41:12] [INFO    ] ============================================================
[2026-02-17 09:41:12] [INFO    ]   gpiozero pin factory: None
[2026-02-17 09:41:12] [INFO    ]   GPIO карта робота (BCM):
[2026-02-17 09:41:12] [INFO    ]     GPIO2  (SDA1) — I2C SDA (PCA9685, ADS7830)
[2026-02-17 09:41:12] [INFO    ]     GPIO3  (SCL1) — I2C SCL (PCA9685, ADS7830)
[2026-02-17 09:41:12] [INFO    ]     GPIO12       — WS2812 RGB LED Data
[2026-02-17 09:41:12] [INFO    ]     GPIO16       — Line Tracking Middle
[2026-02-17 09:41:12] [INFO    ]     GPIO17       — Лазер [НЕ ТЕСТИРУЕТСЯ]
[2026-02-17 09:41:12] [INFO    ]     GPIO19       — Line Tracking Right
[2026-02-17 09:41:12] [INFO    ]     GPIO20       — Line Tracking Left
[2026-02-17 09:41:12] [INFO    ]     GPIO23       — HC-SR04 Trigger
[2026-02-17 09:41:12] [INFO    ]     GPIO24       — HC-SR04 Echo
[2026-02-17 09:41:12] [INFO    ] 
[2026-02-17 09:41:12] [INFO    ] ============================================================
[2026-02-17 09:41:12] [INFO    ]   I2C ШИНА И УСТРОЙСТВА
[2026-02-17 09:41:12] [INFO    ] ============================================================
[2026-02-17 09:41:12] [ERROR   ] Импорт 'smbus2' — ОШИБКА: No module named 'smbus2'
[2026-02-17 09:41:12] [ERROR   ] i2cdetect недоступен: [WinError 2] Не удается найти указанный файл
[2026-02-17 09:41:12] [WARNING ]   I2C устройства НЕ ОБНАРУЖЕНЫ
[2026-02-17 09:41:12] [INFO    ] 
[2026-02-17 09:41:12] [INFO    ] ============================================================
[2026-02-17 09:41:12] [INFO    ]   ADS7830 — 8-КАНАЛЬНЫЙ АЦП (I2C)
[2026-02-17 09:41:12] [INFO    ] ============================================================
[2026-02-17 09:41:12] [ERROR   ] Импорт 'smbus2' — ОШИБКА: No module named 'smbus2'
[2026-02-17 09:41:12] [ERROR   ]   smbus2 не установлен — ADS7830 недоступен
[2026-02-17 09:41:12] [INFO    ] 
[2026-02-17 09:41:12] [INFO    ] ============================================================
[2026-02-17 09:41:12] [INFO    ]   PCA9685 PWM-КОНТРОЛЛЕР (I2C)
[2026-02-17 09:41:12] [INFO    ] ============================================================
[2026-02-17 09:41:12] [ERROR   ]   PCA9685 ОШИБКА: No module named 'board'
[2026-02-17 09:41:12] [INFO    ] 
[2026-02-17 09:41:12] [INFO    ] ============================================================
[2026-02-17 09:41:12] [INFO    ]   DRV8833 x2 — ДРАЙВЕРЫ DC МОТОРОВ
[2026-02-17 09:41:12] [INFO    ] ============================================================
[2026-02-17 09:41:12] [INFO    ]   Тип: DRV8833 Dual H-Bridge Motor Driver
[2026-02-17 09:41:12] [INFO    ]   Количество: 2 шт. на Adeept Robot HAT V3.1
[2026-02-17 09:41:12] [INFO    ]   DRV8833 #1: управляет M1 (правый-передний) + M2 (левый-передний)
[2026-02-17 09:41:12] [INFO    ]   DRV8833 #2: управляет M3 (левый-задний) + M4 (правый-задний)
[2026-02-17 09:41:12] [INFO    ]   Управление: через PCA9685 PWM-каналы (ch8-ch15)
[2026-02-17 09:41:12] [INFO    ]   Режим: SLOW_DECAY (плавное управление DC моторами)
[2026-02-17 09:41:12] [ERROR   ]   PCA9685 недоступен — DRV8833 не тестируются
[2026-02-17 09:41:12] [INFO    ] 
[2026-02-17 09:41:12] [INFO    ] ============================================================
[2026-02-17 09:41:12] [INFO    ]   LM324 — ОПЕРАЦИОННЫЙ УСИЛИТЕЛЬ
[2026-02-17 09:41:12] [INFO    ] ============================================================
[2026-02-17 09:41:12] [INFO    ]   Тип: LM324 Quad Op-Amp
[2026-02-17 09:41:12] [INFO    ]   Назначение: усиление/буферизация аналоговых сигналов
[2026-02-17 09:41:12] [INFO    ]   Расположение: на плате Adeept Robot HAT V3.1
[2026-02-17 09:41:12] [INFO    ]   Применение на HAT:
[2026-02-17 09:41:12] [INFO    ]     - Буферизация сигналов для ADS7830 АЦП
[2026-02-17 09:41:12] [INFO    ]     - Усиление сигналов ИК-датчиков линии
[2026-02-17 09:41:12] [INFO    ]     - Компаратор для пороговых уровней
[2026-02-17 09:41:12] [INFO    ]   Прямое тестирование: невозможно (пассивный компонент)
[2026-02-17 09:41:12] [INFO    ]   Косвенная проверка: через работу ADS7830 и Line Tracking
[2026-02-17 09:41:12] [INFO    ] 
[2026-02-17 09:41:12] [INFO    ] ============================================================
[2026-02-17 09:41:12] [INFO    ]   DC МОТОРЫ (4× гусеничная платформа, через DRV8833)
[2026-02-17 09:41:12] [INFO    ] ============================================================
[2026-02-17 09:41:12] [ERROR   ]   PCA9685 не инициализирован — моторы недоступны
[2026-02-17 09:41:12] [INFO    ] 
[2026-02-17 09:41:12] [INFO    ] ============================================================
[2026-02-17 09:41:12] [INFO    ]   AD002 СЕРВОПРИВОДЫ x6 (PCA9685 каналы 0-5)
[2026-02-17 09:41:12] [INFO    ] ============================================================
[2026-02-17 09:41:12] [ERROR   ]   PCA9685 не инициализирован — сервоприводы недоступны
[2026-02-17 09:41:12] [INFO    ] 
[2026-02-17 09:41:12] [INFO    ] ============================================================
[2026-02-17 09:41:12] [INFO    ]   УЛЬТРАЗВУКОВОЙ ДАТЧИК HC-SR04 (GPIO23/24)
[2026-02-17 09:41:12] [INFO    ] ============================================================
[2026-02-17 09:41:12] [ERROR   ]   Ультразвук ОШИБКА: Unable to load any default pin factory!
[2026-02-17 09:41:12] [INFO    ] 
[2026-02-17 09:41:12] [INFO    ] ============================================================
[2026-02-17 09:41:12] [INFO    ]   3-CH LINE TRACKING MODULE (ИК-датчики линии)
[2026-02-17 09:41:12] [INFO    ] ============================================================
[2026-02-17 09:41:12] [ERROR   ]   Line Tracking ОШИБКА: Unable to load any default pin factory!
[2026-02-17 09:41:12] [INFO    ] 
[2026-02-17 09:41:12] [INFO    ] ============================================================
[2026-02-17 09:41:12] [INFO    ]   WS2812 RGB LED MODULE (GPIO12)
[2026-02-17 09:41:12] [INFO    ] ============================================================
[2026-02-17 09:41:12] [ERROR   ]   rpi_ws281x не установлен
[2026-02-17 09:41:12] [ERROR   ]   Установите: sudo pip3 install rpi_ws281x
[2026-02-17 09:41:12] [INFO    ] 
[2026-02-17 09:41:12] [INFO    ] ============================================================
[2026-02-17 09:41:12] [INFO    ]   RASPBERRY PI CAMERA (CSI / picamera2)
[2026-02-17 09:41:12] [INFO    ] ============================================================
[2026-02-17 09:41:12] [ERROR   ]   Камера ОШИБКА: No module named 'picamera2'
[2026-02-17 09:41:12] [INFO    ] 
[2026-02-17 09:41:12] [INFO    ] ============================================================
[2026-02-17 09:41:12] [INFO    ]   USB-МИКРОФОН (PyAudio)
[2026-02-17 09:41:12] [INFO    ] ============================================================
[2026-02-17 09:41:12] [ERROR   ]   PyAudio не установлен — микрофон не проверен
[2026-02-17 09:41:12] [INFO    ] 
[2026-02-17 09:41:12] [INFO    ] ============================================================
[2026-02-17 09:41:12] [INFO    ]   ADEEPT ROBOT HAT V3.1 — СВОДКА
[2026-02-17 09:41:12] [INFO    ] ============================================================
[2026-02-17 09:41:12] [INFO    ]   Платформа: Adeept Robot HAT V3.1
[2026-02-17 09:41:12] [INFO    ]   Совместимость: Raspberry Pi 4B/3B/3B+
[2026-02-17 09:41:12] [INFO    ] 
[2026-02-17 09:41:12] [INFO    ]   Интегрированные чипы:
[2026-02-17 09:41:12] [INFO    ]     1. PCA9685    — 16-канальный PWM-контроллер (I2C)
[2026-02-17 09:41:12] [INFO    ]     2. DRV8833 x2 — драйверы DC моторов (Dual H-Bridge)
[2026-02-17 09:41:12] [INFO    ]     3. ADS7830    — 8-канальный 8-бит АЦП (I2C)
[2026-02-17 09:41:12] [INFO    ]     4. LM324      — Quad операционный усилитель
[2026-02-17 09:41:12] [INFO    ] 
[2026-02-17 09:41:12] [INFO    ]   Разъёмы:
[2026-02-17 09:41:12] [INFO    ]     - 16 портов для сервоприводов (PCA9685 ch0-ch15)
[2026-02-17 09:41:12] [INFO    ]     - 4 порта DC моторов (через DRV8833)
[2026-02-17 09:41:12] [INFO    ]     - Ультразвуковой датчик (GPIO23/24)
[2026-02-17 09:41:12] [INFO    ]     - 3-CH Line Tracking (GPIO19/16/20)
[2026-02-17 09:41:12] [INFO    ]     - WS2812 RGB LED (GPIO12)
[2026-02-17 09:41:12] [INFO    ]     - I2C шина (GPIO2/3)
[2026-02-17 09:41:12] [INFO    ] 
[2026-02-17 09:41:12] [INFO    ] ============================================================
[2026-02-17 09:41:12] [INFO    ]   VOSK — РАСПОЗНАВАНИЕ РЕЧИ
[2026-02-17 09:41:12] [INFO    ] ============================================================
[2026-02-17 09:41:12] [WARNING ]   Vosk не установлен
[2026-02-17 09:41:12] [INFO    ] 
Время диагностики: 0.3 сек
[2026-02-17 09:41:12] [INFO    ] 
[2026-02-17 09:41:12] [INFO    ] ============================================================
[2026-02-17 09:41:12] [INFO    ]   ИТОГОВЫЙ ОТЧЁТ
[2026-02-17 09:41:12] [INFO    ] ============================================================
[2026-02-17 09:41:12] [INFO    ]   Модуль                    Статус     Подробности
[2026-02-17 09:41:12] [INFO    ]   --------------------------------------------------------------------
[2026-02-17 09:41:12] [INFO    ]   i2c_enable              [WARN]     
[2026-02-17 09:41:12] [INFO    ]   system_info             [OK]       
[2026-02-17 09:41:12] [INFO    ]   python_packages         [OK]       
[2026-02-17 09:41:12] [INFO    ]   gpio                    [OK]       
[2026-02-17 09:41:12] [INFO    ]   i2c_scan                [WARN]     
[2026-02-17 09:41:12] [INFO    ]   ads7830                 [ERR]      smbus2 not installed
[2026-02-17 09:41:12] [INFO    ]   pca9685                 [ERR]      No module named 'board'
[2026-02-17 09:41:12] [INFO    ]   drv8833                 [ERR]      PCA9685 not available
[2026-02-17 09:41:12] [INFO    ]   lm324                   [OK]       
[2026-02-17 09:41:12] [INFO    ]   motors                  [ERR]      PCA9685 not available
[2026-02-17 09:41:12] [INFO    ]   servos_ad002            [ERR]      PCA9685 not available
[2026-02-17 09:41:12] [INFO    ]   ultrasonic              [ERR]      Unable to load any default pin factory!
[2026-02-17 09:41:12] [INFO    ]   line_tracking           [ERR]      Unable to load any default pin factory!
[2026-02-17 09:41:12] [INFO    ]   ws2812_led              [ERR]      rpi_ws281x not installed
[2026-02-17 09:41:12] [INFO    ]   camera                  [ERR]      No module named 'picamera2'
[2026-02-17 09:41:12] [INFO    ]   microphone              [ERR]      pyaudio not installed
[2026-02-17 09:41:12] [INFO    ]   adeept_robot_hat        [OK]       
[2026-02-17 09:41:12] [INFO    ]   vosk                    [WARN]     
[2026-02-17 09:41:12] [INFO    ] 
[2026-02-17 09:41:12] [INFO    ]   Всего модулей: 18
[2026-02-17 09:41:12] [INFO    ]   [OK]:    5
[2026-02-17 09:41:12] [INFO    ]   [WARN]:  3
[2026-02-17 09:41:12] [INFO    ]   [ERROR]: 10
[2026-02-17 09:41:12] [INFO    ] 
[2026-02-17 09:41:12] [INFO    ]   Сохранённые файлы:
[2026-02-17 09:41:12] [INFO    ]     - C:\Users\Роман\Desktop\Diagnostic\diagnostics_output\diagnostic_20260217_094112.log
[2026-02-17 09:41:12] [INFO    ]     - C:\Users\Роман\Desktop\Diagnostic\diagnostics_output\diagnostic_20260217_094112.json
[2026-02-17 09:41:12] [INFO    ] 
[2026-02-17 09:41:12] [INFO    ]   JSON отчёт: C:\Users\Роман\Desktop\Diagnostic\diagnostics_output\diagnostic_20260217_094112.json
[2026-02-17 09:41:12] [INFO    ]   Лог файл:   C:\Users\Роман\Desktop\Diagnostic\diagnostics_output\diagnostic_20260217_094112.log
[2026-02-17 09:41:12] [INFO    ] I2C: был включён до диагностики — оставляем как есть
[2026-02-17 09:41:12] [INFO    ] 
[2026-02-17 09:41:12] [INFO    ] Диагностика завершена.
